  % Total    % Received % Xferd  Average Speed   Time    Time     Time  Current
                                 Dload  Upload   Total   Spent    Left  Speed
  0     0    0     0    0     0      0      0 --:--:-- --:--:-- --:--:--     0*   Trying 35.201.69.186...
* TCP_NODELAY set
* Connected to api.netlify.com (35.201.69.186) port 443 (#0)
* ALPN, offering h2
* ALPN, offering http/1.1
* successfully set certificate verify locations:
*   CAfile: /etc/ssl/cert.pem
  CApath: none
* TLSv1.2 (OUT), TLS handshake, Client hello (1):
} [229 bytes data]
* TLSv1.2 (IN), TLS handshake, Server hello (2):
{ [96 bytes data]
* TLSv1.2 (IN), TLS handshake, Certificate (11):
{ [2764 bytes data]
* TLSv1.2 (IN), TLS handshake, Server key exchange (12):
{ [300 bytes data]
* TLSv1.2 (IN), TLS handshake, Server finished (14):
{ [4 bytes data]
* TLSv1.2 (OUT), TLS handshake, Client key exchange (16):
} [37 bytes data]
* TLSv1.2 (OUT), TLS change cipher, Change cipher spec (1):
} [1 bytes data]
* TLSv1.2 (OUT), TLS handshake, Finished (20):
} [16 bytes data]
* TLSv1.2 (IN), TLS change cipher, Change cipher spec (1):
{ [1 bytes data]
* TLSv1.2 (IN), TLS handshake, Finished (20):
{ [16 bytes data]
* SSL connection using TLSv1.2 / ECDHE-RSA-CHACHA20-POLY1305
* ALPN, server accepted to use h2
* Server certificate:
*  subject: C=US; ST=ca; L=San Francisco; O=Netlify, Inc; CN=*.netlify.com
*  start date: Jun 15 00:00:00 2020 GMT
*  expire date: Aug  3 12:00:00 2021 GMT
*  subjectAltName: host "api.netlify.com" matched cert's "*.netlify.com"
*  issuer: C=US; O=DigiCert Inc; CN=DigiCert SHA2 Secure Server CA
*  SSL certificate verify ok.
* Using HTTP2, server supports multi-use
* Connection state changed (HTTP/2 confirmed)
* Copying HTTP/2 data in stream buffer to connection buffer after upgrade: len=0
* Using Stream ID: 1 (easy handle 0x7f8864808200)
> POST /api/v1/sites/soulim-homepage.netlify.app/deploys HTTP/2
> Host: api.netlify.com
> User-Agent: curl/7.64.1
> Accept: */*
> Content-Type: application/zip
> Authorization: Bearer JNZRdk_sx56BiR5GDM9mBt9zEQCyJBJXm10JaCxYoSI
> Content-Length: 446951
> 
* Connection state changed (MAX_CONCURRENT_STREAMS == 100)!
} [65536 bytes data]
 29  436k    0     0   29  128k      0   703k --:--:-- --:--:-- --:--:--  699k* We are completely uploaded and fine
< HTTP/2 200 
< cache-control: max-age=0, private, must-revalidate
< content-type: application/json; charset=utf-8
< date: Thu, 10 Sep 2020 04:36:56 GMT
< etag: W/"ab5f41a1b69e58cef4237a95036af462"
< retry-after: 2020-09-10 04:37:56 UTC
< strict-transport-security: max-age=31536000; includeSubDomains; preload
< vary: Origin
< x-content-type-options: nosniff
< x-frame-options: ALLOWALL
< x-nf-srv-version: 3789f80
< x-ratelimit-limit: 500
< x-ratelimit-remaining: 498
< x-ratelimit-reset: 2020-09-10 04:37:56 UTC
< x-request-id: 0f6e5a1f-77ce-45bb-8efd-fe2212004b41
< x-runtime: 0.122571
< content-length: 1831
< via: 1.1 google
< alt-svc: clear
< 
{ [1388 bytes data]
100  438k  100  1831  100  436k   1770   422k  0:00:01  0:00:01 --:--:--  423k
* Connection #0 to host api.netlify.com left intact
{"id":"5f59ad6891efb15828b0fd14","site_id":"0cd71246-c249-4dd7-8d7e-43dd2785d12a","build_id":null,"state":"uploaded","name":"soulim-homepage","url":"https://sul.im","ssl_url":"https://sul.im","admin_url":"https://app.netlify.com/sites/soulim-homepage","deploy_url":"http://5f59ad6891efb15828b0fd14--soulim-homepage.netlify.app","deploy_ssl_url":"https://5f59ad6891efb15828b0fd14--soulim-homepage.netlify.app","created_at":"2020-09-10T04:36:56.362Z","updated_at":"2020-09-10T04:36:56.411Z","user_id":"5a7dd11f48769b71562b9f2c","error_message":null,"required":[],"required_functions":null,"commit_ref":null,"review_id":null,"branch":null,"commit_url":null,"skipped":null,"locked":null,"log_access_attributes":{"type":"firebase","url":"https://netlify-builds1.firebaseio.com/deploys/5f59ad6891efb15828b0fd14/log","endpoint":"https://netlify-builds1.firebaseio.com","path":"/deploys/5f59ad6891efb15828b0fd14/log","token":"eyJ0eXAiOiJKV1QiLCJhbGciOiJIUzI1NiJ9.eyJ2IjowLCJpYXQiOjE1OTk3MTI2MTYsImQiOnsidWlkIjoiIn19.njGhmyIKsHHXjvlBf9uRQshAIRq_-DmD2aix7hcMRqQ"},"title":null,"review_url":null,"published_at":null,"context":"production","deploy_time":null,"available_functions":[],"summary":{"status":"building","messages":[]},"screenshot_url":null,"site_capabilities":{"title":"Netlify Team Free","asset_acceleration":true,"form_processing":true,"cdn_propagation":"partial","build_gc_exchange":"buildbot-gc","build_node_pool":"buildbot-external-ssd","domain_aliases":true,"secure_site":false,"prerendering":true,"proxying":true,"ssl":"custom","rate_cents":0,"yearly_rate_cents":0,"ipv6_domain":"cdn.makerloop.com","branch_deploy":true,"managed_dns":true,"geo_ip":true,"split_testing":true,"id":"nf_team_dev","cdn_tier":"reg"},"committer":null,"skipped_log":null,"manual_deploy":true,"file_tracking_optimization":true,"plugin_state":"none"}* Closing connection 0
